[     111ms] [ERROR] Failed to load resource: the server responded with a status of 500 (Internal Server Error) @ http://localhost:3000/en/dashboard?view=payments:0
[     295ms] Error: No intl context found. Have you configured the provider? See https://next-intl.dev/docs/usage/configuration#server-client-components
    at useIntlContext (http://localhost:3000/_next/static/chunks/node_modules__pnpm_23fec760._.js:17536:15)
    at useLocale (http://localhost:3000/_next/static/chunks/node_modules__pnpm_23fec760._.js:17598:12)
    at BaseLink (http://localhost:3000/_next/static/chunks/node_modules__pnpm_23fec760._.js:18101:284)
    at Object.react_stack_bottom_frame (http://localhost:3000/_next/static/chunks/a5dda_next_dist_compiled_react-dom_f2552aa9._.js:14826:24)
    at renderWithHooks (http://localhost:3000/_next/static/chunks/a5dda_next_dist_compiled_react-dom_f2552aa9._.js:4651:24)
    at updateForwardRef (http://localhost:3000/_next/static/chunks/a5dda_next_dist_compiled_react-dom_f2552aa9._.js:5939:21)
    at beginWork (http://localhost:3000/_next/static/chunks/a5dda_next_dist_compiled_react-dom_f2552aa9._.js:6693:46)
    at runWithFiberInDEV (http://localhost:3000/_next/static/chunks/a5dda_next_dist_compiled_react-dom_f2552aa9._.js:965:74)
    at performUnitOfWork (http://localhost:3000/_next/static/chunks/a5dda_next_dist_compiled_react-dom_f2552aa9._.js:9562:97)
    at workLoopSync (http://localhost:3000/_next/static/chunks/a5dda_next_dist_compiled_react-dom_f2552aa9._.js:9456:40)
    at renderRootSync (http://localhost:3000/_next/static/chunks/a5dda_next_dist_compiled_react-dom_f2552aa9._.js:9440:13)
    at performWorkOnRoot (http://localhost:3000/_next/static/chunks/a5dda_next_dist_compiled_react-dom_f2552aa9._.js:9105:47)
    at performWorkOnRootViaSchedulerTask (http://localhost:3000/_next/static/chunks/a5dda_next_dist_compiled_react-dom_f2552aa9._.js:10230:9)
    at MessagePort.performWorkUntilDeadline (http://localhost:3000/_next/static/chunks/a5dda_next_dist_compiled_2884d899._.js:2647:64)
[    3253ms] [WARNING] The resource http://localhost:3000/_next/static/chunks/%5Broot-of-the-server%5D__5eb600c4._.css was preloaded using link preload but not used within a few seconds from the window's load event. Please make sure it has an appropriate `as` value and it is preloaded intentionally. @ http://localhost:3000/en/dashboard?view=payments:0
[   15988ms] [ERROR] Failed to load resource: the server responded with a status of 500 (Internal Server Error) @ http://localhost:3000/en/dashboard?view=payments:0
[   16137ms] Error: No intl context found. Have you configured the provider? See https://next-intl.dev/docs/usage/configuration#server-client-components
    at useIntlContext (http://localhost:3000/_next/static/chunks/node_modules__pnpm_23fec760._.js:17536:15)
    at useLocale (http://localhost:3000/_next/static/chunks/node_modules__pnpm_23fec760._.js:17598:12)
    at BaseLink (http://localhost:3000/_next/static/chunks/node_modules__pnpm_23fec760._.js:18101:284)
    at Object.react_stack_bottom_frame (http://localhost:3000/_next/static/chunks/a5dda_next_dist_compiled_react-dom_f2552aa9._.js:14826:24)
    at renderWithHooks (http://localhost:3000/_next/static/chunks/a5dda_next_dist_compiled_react-dom_f2552aa9._.js:4651:24)
    at updateForwardRef (http://localhost:3000/_next/static/chunks/a5dda_next_dist_compiled_react-dom_f2552aa9._.js:5939:21)
    at beginWork (http://localhost:3000/_next/static/chunks/a5dda_next_dist_compiled_react-dom_f2552aa9._.js:6693:46)
    at runWithFiberInDEV (http://localhost:3000/_next/static/chunks/a5dda_next_dist_compiled_react-dom_f2552aa9._.js:965:74)
    at performUnitOfWork (http://localhost:3000/_next/static/chunks/a5dda_next_dist_compiled_react-dom_f2552aa9._.js:9562:97)
    at workLoopSync (http://localhost:3000/_next/static/chunks/a5dda_next_dist_compiled_react-dom_f2552aa9._.js:9456:40)
    at renderRootSync (http://localhost:3000/_next/static/chunks/a5dda_next_dist_compiled_react-dom_f2552aa9._.js:9440:13)
    at performWorkOnRoot (http://localhost:3000/_next/static/chunks/a5dda_next_dist_compiled_react-dom_f2552aa9._.js:9105:47)
    at performWorkOnRootViaSchedulerTask (http://localhost:3000/_next/static/chunks/a5dda_next_dist_compiled_react-dom_f2552aa9._.js:10230:9)
    at MessagePort.performWorkUntilDeadline (http://localhost:3000/_next/static/chunks/a5dda_next_dist_compiled_2884d899._.js:2647:64)
