[    2012ms] TypeError: content.price.toFixed is not a function
    at http://localhost:3000/_next/static/chunks/src_components_Dashboard_Panels_7d44600c._.js:2148:91
    at Array.map (<anonymous>)
    at MyContentPanel (http://localhost:3000/_next/static/chunks/src_components_Dashboard_Panels_7d44600c._.js:2028:58)
    at Object.react_stack_bottom_frame (http://localhost:3000/_next/static/chunks/a5dda_next_dist_compiled_react-dom_f2552aa9._.js:14826:24)
    at renderWithHooks (http://localhost:3000/_next/static/chunks/a5dda_next_dist_compiled_react-dom_f2552aa9._.js:4651:24)
    at updateFunctionComponent (http://localhost:3000/_next/static/chunks/a5dda_next_dist_compiled_react-dom_f2552aa9._.js:6112:21)
    at beginWork (http://localhost:3000/_next/static/chunks/a5dda_next_dist_compiled_react-dom_f2552aa9._.js:6708:24)
    at runWithFiberInDEV (http://localhost:3000/_next/static/chunks/a5dda_next_dist_compiled_react-dom_f2552aa9._.js:965:74)
    at performUnitOfWork (http://localhost:3000/_next/static/chunks/a5dda_next_dist_compiled_react-dom_f2552aa9._.js:9562:97)
    at workLoopSync (http://localhost:3000/_next/static/chunks/a5dda_next_dist_compiled_react-dom_f2552aa9._.js:9456:40)
    at renderRootSync (http://localhost:3000/_next/static/chunks/a5dda_next_dist_compiled_react-dom_f2552aa9._.js:9440:13)
    at performWorkOnRoot (http://localhost:3000/_next/static/chunks/a5dda_next_dist_compiled_react-dom_f2552aa9._.js:9105:47)
    at performSyncWorkOnRoot (http://localhost:3000/_next/static/chunks/a5dda_next_dist_compiled_react-dom_f2552aa9._.js:10238:9)
    at flushSyncWorkAcrossRoots_impl (http://localhost:3000/_next/static/chunks/a5dda_next_dist_compiled_react-dom_f2552aa9._.js:10154:316)
    at processRootScheduleInMicrotask (http://localhost:3000/_next/static/chunks/a5dda_next_dist_compiled_react-dom_f2552aa9._.js:10175:106)
    at http://localhost:3000/_next/static/chunks/a5dda_next_dist_compiled_react-dom_f2552aa9._.js:10249:158
[    5218ms] [WARNING] The resource http://localhost:3000/_next/static/chunks/%5Bnext%5D_internal_font_google_jost_8d857f2d_module_c563cf6e.css was preloaded using link preload but not used within a few seconds from the window's load event. Please make sure it has an appropriate `as` value and it is preloaded intentionally. @ http://localhost:3000/en/dashboard?view=my-content:0
[   24356ms] [WARNING] [Fast Refresh] performing full reload because your application had an unrecoverable error @ http://localhost:3000/_next/static/chunks/a5dda_next_dist_fd2d7206._.js:2297
[   29424ms] [WARNING] The resource http://localhost:3000/_next/static/chunks/%5Bnext%5D_internal_font_google_jost_8d857f2d_module_c563cf6e.css was preloaded using link preload but not used within a few seconds from the window's load event. Please make sure it has an appropriate `as` value and it is preloaded intentionally. @ http://localhost:3000/en/dashboard?view=my-content:0
